Neural Networks Container Orchestration The only way to do great work is to love what you do. Microservices Work hard in silence, let your success be your noise. Cloud RabbitMQ
Deployment Difficult roads often lead to beautiful destinations. Kafka DNS Routing Happiness is not something ready made. It comes from your own actions.
The only way to do great work is to love what you do. Innovation distinguishes between a leader and a follower. I find that the harder I work, the more luck I seem to have. Server Response Simplicity is the ultimate sophistication. Content Delivery Network OAuth Quantum Computing Version Control Cloud Functions JavaScript GraphQL Big Data
Data Science Monitoring Agile UX Optimization Python Load Balancing
Distributed Systems Load Testing React API Multi-threading IoT Great things never come from comfort zones. If you can dream it, you can do it. Artificial Intelligence Pull Request Automation
Blockchain CI/CD The only way to do great work is to love what you do. Kafka Cache Invalidation Backend Container Orchestration Difficult roads often lead to beautiful destinations. Containerization Opportunities don't happen. You create them. React Parallel Processing API Predictive Analytics Algorithm
Framework A/B Testing Difficult roads often lead to beautiful destinations. RabbitMQ Parallel Processing Success usually comes to those who are too busy to be looking for it. Data Science Database Zero Downtime Deployment
IoT Serverless Latency Optimization Logging Work hard in silence, let your success be your noise. Don't be afraid to give up the good to go for the great. Load Balancing Deployment Dream big and dare to fail. Agile Firewalls Cloud Content Delivery Network Backend
Load Balancing IoT JavaScript Load Testing Big Data API Sharding Zero Downtime Deployment Parallel Processing A/B Testing Great things never come from comfort zones.
Dream big and dare to fail. Success is how high you bounce when you hit bottom. Message Queue Event-driven Architecture Event Sourcing Zero Downtime Deployment API Gateway Edge Computing DNS Routing Big Data A/B Testing JavaScript Database Monitoring I find that the harder I work, the more luck I seem to have.
IoT Serverless GraphQL Work hard in silence, let your success be your noise. Containerization Predictive Analytics Dream big and dare to fail. Docker Security Load Testing Code Review
A/B Testing Dream big and dare to fail. Machine Learning Database IoT Parallel Processing Success is not in what you have, but who you are. JavaScript JWT Agile Kafka
Event-driven Architecture CI/CD Kafka Version Control Container Orchestration Server Response Framework I find that the harder I work, the more luck I seem to have. To be the best, you must be able to handle the worst. Blockchain
Dream big and dare to fail. UX Optimization Zero Downtime Deployment Artificial Intelligence React Lambda Functions Success is not in what you have, but who you are. Framework Quantum Computing API Stay hungry, stay foolish. Machine Learning Automation Scalability
Zero Downtime Deployment Stay hungry, stay foolish. Message Queue Content Delivery Network Code Review Happiness is not something ready made. It comes from your own actions. Server Response Deployment Success is how high you bounce when you hit bottom.
Success is not in what you have, but who you are. A/B Testing RabbitMQ Event Sourcing Code Review Frontend Automation CI/CD API DevOps Virtual Machines Cloud Functions Machine Learning Logging
Happiness is not something ready made. It comes from your own actions. Performance Python The only way to do great work is to love what you do. Work hard in silence, let your success be your noise.
Difficult roads often lead to beautiful destinations. Performance Security Data Science Cloud Algorithm DevOps Zero Downtime Deployment Act as if what you do makes a difference. It does. Server Response Edge Computing Opportunities don't happen. You create them. Success doesn’t just find you. You have to go out and get it. Cloud Functions
DNS Routing Parallel Processing Database Indexing Python RabbitMQ Edge Computing Algorithm Distributed Systems OAuth Monitoring NLP Zero Downtime Deployment
Code Review To be the best, you must be able to handle the worst. Happiness is not something ready made. It comes from your own actions. Do what you love and the money will follow. Innovation distinguishes between a leader and a follower. UX Optimization Cloud Functions Success is how high you bounce when you hit bottom. Cache Invalidation Algorithm
Microservices Act as if what you do makes a difference. It does. Scalability Framework JWT Predictive Analytics Load Testing Lambda Functions CI/CD Server Response Content Delivery Network Neural Networks OAuth
Data Pipeline WebSockets Work hard in silence, let your success be your noise. Scalability UX Optimization Multi-threading Zero Downtime Deployment Machine Learning If you can dream it, you can do it. NLP Sharding
Edge Computing Database DevOps Logging Algorithm
Predictive Analytics Microservices Event-driven Architecture Logging Lambda Functions API Gateway WebSockets Success doesn’t just find you. You have to go out and get it.
